**********************
PowerShell transcript start
Start time: 20230918164840
Username: TCSGROUP\LD06974
RunAs User: TCSGROUP\LD06974
Configuration Name: 
Machine: Y0001194 (Microsoft Windows NT 10.0.19045.0)
Host Application: C:\Program Files\PowerShell\7\pwsh.dll -NoProfile -ExecutionPolicy Bypass -Command Import-Module 'c:\Users\LD06974\.vscode\extensions\ms-vscode.powershell-2023.9.2\modules\PowerShellEditorServices\PowerShellEditorServices.psd1'; Start-EditorServices -HostName 'Visual Studio Code Host' -HostProfileId 'Microsoft.VSCode' -HostVersion '2023.9.2' -AdditionalModules @('PowerShellEditorServices.VSCode') -BundledModulesPath 'c:\Users\LD06974\.vscode\extensions\ms-vscode.powershell-2023.9.2\modules' -EnableConsoleRepl -StartupBanner "PowerShell Extension v2023.9.2
Copyright (c) Microsoft Corporation.

https://aka.ms/vscode-powershell
Type 'help' to get help.
" -LogLevel 'Normal' -LogPath 'c:\Users\LD06974\AppData\Roaming\Code\User\globalStorage\ms-vscode.powershell\logs\1695036161-66bb3815-5486-4231-9131-70c4aac2fa0f1695036157641\EditorServices.log' -SessionDetailsPath 'c:\Users\LD06974\AppData\Roaming\Code\User\globalStorage\ms-vscode.powershell\sessions\PSES-VSCode-16268-669538.json' -FeatureFlags @() 
Process ID: 3204
PSVersion: 7.3.0
PSEdition: Core
GitCommitId: 7.3.0
OS: Microsoft Windows 10.0.19045
Platform: Win32NT
PSCompatibleVersions: 1.0, 2.0, 3.0, 4.0, 5.0, 5.1.10032.0, 6.0.0, 6.1.0, 6.2.0, 7.0.0, 7.1.0, 7.2.0, 7.3.0
PSRemotingProtocolVersion: 2.3
SerializationVersion: 1.1.0.1
WSManStackVersion: 3.0
**********************
[20230918 16:48:40][Get-TCPCloseWaitConnections.ps1][TCSGROUP\LD06974][INFO] ------------------------------------------------------------------------------------------------------------------------------------
[20230918 16:48:40][Get-TCPCloseWaitConnections.ps1][TCSGROUP\LD06974][INFO] Get-TCPCloseWaitConnections.ps1 v0.1
[20230918 16:48:40][Get-TCPCloseWaitConnections.ps1][TCSGROUP\LD06974][INFO] ------------------------------------------------------------------------------------------------------------------------------------
[20230918 16:48:41][Get-TCPCloseWaitConnections.ps1][TCSGROUP\LD06974][INFO] Kill process #
PS>TerminatingError(Stop-Process): "Cannot bind argument to parameter 'Id' because it is null."

InvalidArgument: Y:\03_DEV\06_GITHUB\tcs-1\admin\Get-TCPCloseWaitConnections.ps1:132:17
Line |
 132 |  …             Log -Level 'ERROR' -Message('Unable to stop process '+$_. …
     |                ~~~~~~~~~~~~~~~~~~~~~~~~~~~~~~~~~~~~~~~~~~~~~~~~~~~~~~~~~
     | Cannot convert value ")" to type "System.Int32". Error: "The input string ')' was not in a correct format."

InvalidArgument: Y:\03_DEV\06_GITHUB\tcs-1\admin\Get-TCPCloseWaitConnections.ps1:132:17
Line |
 132 |  …             Log -Level 'ERROR' -Message('Unable to stop process '+$_. …
     |                ~~~~~~~~~~~~~~~~~~~~~~~~~~~~~~~~~~~~~~~~~~~~~~~~~~~~~~~~~
     | Cannot convert value ")" to type "System.Int32". Error: "The input string ')' was not in a correct format."

[20230918 16:48:41][Get-TCPCloseWaitConnections.ps1][TCSGROUP\LD06974][INFO] Kill process #
PS>TerminatingError(Stop-Process): "Cannot bind argument to parameter 'Id' because it is null."

InvalidArgument: Y:\03_DEV\06_GITHUB\tcs-1\admin\Get-TCPCloseWaitConnections.ps1:132:17
Line |
 132 |  …             Log -Level 'ERROR' -Message('Unable to stop process '+$_. …
     |                ~~~~~~~~~~~~~~~~~~~~~~~~~~~~~~~~~~~~~~~~~~~~~~~~~~~~~~~~~
     | Cannot convert value ")" to type "System.Int32". Error: "The input string ')' was not in a correct format."

InvalidArgument: Y:\03_DEV\06_GITHUB\tcs-1\admin\Get-TCPCloseWaitConnections.ps1:132:17
Line |
 132 |  …             Log -Level 'ERROR' -Message('Unable to stop process '+$_. …
     |                ~~~~~~~~~~~~~~~~~~~~~~~~~~~~~~~~~~~~~~~~~~~~~~~~~~~~~~~~~
     | Cannot convert value ")" to type "System.Int32". Error: "The input string ')' was not in a correct format."

[20230918 16:48:42][Get-TCPCloseWaitConnections.ps1][TCSGROUP\LD06974][INFO] Kill process #
PS>TerminatingError(Stop-Process): "Cannot bind argument to parameter 'Id' because it is null."

InvalidArgument: Y:\03_DEV\06_GITHUB\tcs-1\admin\Get-TCPCloseWaitConnections.ps1:132:17
Line |
 132 |  …             Log -Level 'ERROR' -Message('Unable to stop process '+$_. …
     |                ~~~~~~~~~~~~~~~~~~~~~~~~~~~~~~~~~~~~~~~~~~~~~~~~~~~~~~~~~
     | Cannot convert value ")" to type "System.Int32". Error: "The input string ')' was not in a correct format."

InvalidArgument: Y:\03_DEV\06_GITHUB\tcs-1\admin\Get-TCPCloseWaitConnections.ps1:132:17
Line |
 132 |  …             Log -Level 'ERROR' -Message('Unable to stop process '+$_. …
     |                ~~~~~~~~~~~~~~~~~~~~~~~~~~~~~~~~~~~~~~~~~~~~~~~~~~~~~~~~~
     | Cannot convert value ")" to type "System.Int32". Error: "The input string ')' was not in a correct format."

[20230918 16:48:42][Get-TCPCloseWaitConnections.ps1][TCSGROUP\LD06974][INFO] Kill process #
PS>TerminatingError(Stop-Process): "Cannot bind argument to parameter 'Id' because it is null."

InvalidArgument: Y:\03_DEV\06_GITHUB\tcs-1\admin\Get-TCPCloseWaitConnections.ps1:132:17
Line |
 132 |  …             Log -Level 'ERROR' -Message('Unable to stop process '+$_. …
     |                ~~~~~~~~~~~~~~~~~~~~~~~~~~~~~~~~~~~~~~~~~~~~~~~~~~~~~~~~~
     | Cannot convert value ")" to type "System.Int32". Error: "The input string ')' was not in a correct format."

InvalidArgument: Y:\03_DEV\06_GITHUB\tcs-1\admin\Get-TCPCloseWaitConnections.ps1:132:17
Line |
 132 |  …             Log -Level 'ERROR' -Message('Unable to stop process '+$_. …
     |                ~~~~~~~~~~~~~~~~~~~~~~~~~~~~~~~~~~~~~~~~~~~~~~~~~~~~~~~~~
     | Cannot convert value ")" to type "System.Int32". Error: "The input string ')' was not in a correct format."

[20230918 16:48:42][Get-TCPCloseWaitConnections.ps1][TCSGROUP\LD06974][INFO] Kill process #
PS>TerminatingError(Stop-Process): "Cannot bind argument to parameter 'Id' because it is null."

InvalidArgument: Y:\03_DEV\06_GITHUB\tcs-1\admin\Get-TCPCloseWaitConnections.ps1:132:17
Line |
 132 |  …             Log -Level 'ERROR' -Message('Unable to stop process '+$_. …
     |                ~~~~~~~~~~~~~~~~~~~~~~~~~~~~~~~~~~~~~~~~~~~~~~~~~~~~~~~~~
     | Cannot convert value ")" to type "System.Int32". Error: "The input string ')' was not in a correct format."

InvalidArgument: Y:\03_DEV\06_GITHUB\tcs-1\admin\Get-TCPCloseWaitConnections.ps1:132:17
Line |
 132 |  …             Log -Level 'ERROR' -Message('Unable to stop process '+$_. …
     |                ~~~~~~~~~~~~~~~~~~~~~~~~~~~~~~~~~~~~~~~~~~~~~~~~~~~~~~~~~
     | Cannot convert value ")" to type "System.Int32". Error: "The input string ')' was not in a correct format."

[20230918 16:48:43][Get-TCPCloseWaitConnections.ps1][TCSGROUP\LD06974][INFO] Kill process #
PS>TerminatingError(Stop-Process): "Cannot bind argument to parameter 'Id' because it is null."

InvalidArgument: Y:\03_DEV\06_GITHUB\tcs-1\admin\Get-TCPCloseWaitConnections.ps1:132:17
Line |
 132 |  …             Log -Level 'ERROR' -Message('Unable to stop process '+$_. …
     |                ~~~~~~~~~~~~~~~~~~~~~~~~~~~~~~~~~~~~~~~~~~~~~~~~~~~~~~~~~
     | Cannot convert value ")" to type "System.Int32". Error: "The input string ')' was not in a correct format."

InvalidArgument: Y:\03_DEV\06_GITHUB\tcs-1\admin\Get-TCPCloseWaitConnections.ps1:132:17
Line |
 132 |  …             Log -Level 'ERROR' -Message('Unable to stop process '+$_. …
     |                ~~~~~~~~~~~~~~~~~~~~~~~~~~~~~~~~~~~~~~~~~~~~~~~~~~~~~~~~~
     | Cannot convert value ")" to type "System.Int32". Error: "The input string ')' was not in a correct format."

[20230918 16:48:43][Get-TCPCloseWaitConnections.ps1][TCSGROUP\LD06974][INFO] Kill process #
PS>TerminatingError(Stop-Process): "Cannot bind argument to parameter 'Id' because it is null."

InvalidArgument: Y:\03_DEV\06_GITHUB\tcs-1\admin\Get-TCPCloseWaitConnections.ps1:132:17
Line |
 132 |  …             Log -Level 'ERROR' -Message('Unable to stop process '+$_. …
     |                ~~~~~~~~~~~~~~~~~~~~~~~~~~~~~~~~~~~~~~~~~~~~~~~~~~~~~~~~~
     | Cannot convert value ")" to type "System.Int32". Error: "The input string ')' was not in a correct format."

InvalidArgument: Y:\03_DEV\06_GITHUB\tcs-1\admin\Get-TCPCloseWaitConnections.ps1:132:17
Line |
 132 |  …             Log -Level 'ERROR' -Message('Unable to stop process '+$_. …
     |                ~~~~~~~~~~~~~~~~~~~~~~~~~~~~~~~~~~~~~~~~~~~~~~~~~~~~~~~~~
     | Cannot convert value ")" to type "System.Int32". Error: "The input string ')' was not in a correct format."

[20230918 16:48:44][Get-TCPCloseWaitConnections.ps1][TCSGROUP\LD06974][INFO] Kill process #
PS>TerminatingError(Stop-Process): "Cannot bind argument to parameter 'Id' because it is null."

InvalidArgument: Y:\03_DEV\06_GITHUB\tcs-1\admin\Get-TCPCloseWaitConnections.ps1:132:17
Line |
 132 |  …             Log -Level 'ERROR' -Message('Unable to stop process '+$_. …
     |                ~~~~~~~~~~~~~~~~~~~~~~~~~~~~~~~~~~~~~~~~~~~~~~~~~~~~~~~~~
     | Cannot convert value ")" to type "System.Int32". Error: "The input string ')' was not in a correct format."

InvalidArgument: Y:\03_DEV\06_GITHUB\tcs-1\admin\Get-TCPCloseWaitConnections.ps1:132:17
Line |
 132 |  …             Log -Level 'ERROR' -Message('Unable to stop process '+$_. …
     |                ~~~~~~~~~~~~~~~~~~~~~~~~~~~~~~~~~~~~~~~~~~~~~~~~~~~~~~~~~
     | Cannot convert value ")" to type "System.Int32". Error: "The input string ')' was not in a correct format."

[20230918 16:48:44][Get-TCPCloseWaitConnections.ps1][TCSGROUP\LD06974][INFO] Kill process #
PS>TerminatingError(Stop-Process): "Cannot bind argument to parameter 'Id' because it is null."

InvalidArgument: Y:\03_DEV\06_GITHUB\tcs-1\admin\Get-TCPCloseWaitConnections.ps1:132:17
Line |
 132 |  …             Log -Level 'ERROR' -Message('Unable to stop process '+$_. …
     |                ~~~~~~~~~~~~~~~~~~~~~~~~~~~~~~~~~~~~~~~~~~~~~~~~~~~~~~~~~
     | Cannot convert value ")" to type "System.Int32". Error: "The input string ')' was not in a correct format."

InvalidArgument: Y:\03_DEV\06_GITHUB\tcs-1\admin\Get-TCPCloseWaitConnections.ps1:132:17
Line |
 132 |  …             Log -Level 'ERROR' -Message('Unable to stop process '+$_. …
     |                ~~~~~~~~~~~~~~~~~~~~~~~~~~~~~~~~~~~~~~~~~~~~~~~~~~~~~~~~~
     | Cannot convert value ")" to type "System.Int32". Error: "The input string ')' was not in a correct format."

[20230918 16:48:44][Get-TCPCloseWaitConnections.ps1][TCSGROUP\LD06974][INFO] Kill process #
PS>TerminatingError(Stop-Process): "Cannot bind argument to parameter 'Id' because it is null."

InvalidArgument: Y:\03_DEV\06_GITHUB\tcs-1\admin\Get-TCPCloseWaitConnections.ps1:132:17
Line |
 132 |  …             Log -Level 'ERROR' -Message('Unable to stop process '+$_. …
     |                ~~~~~~~~~~~~~~~~~~~~~~~~~~~~~~~~~~~~~~~~~~~~~~~~~~~~~~~~~
     | Cannot convert value ")" to type "System.Int32". Error: "The input string ')' was not in a correct format."

InvalidArgument: Y:\03_DEV\06_GITHUB\tcs-1\admin\Get-TCPCloseWaitConnections.ps1:132:17
Line |
 132 |  …             Log -Level 'ERROR' -Message('Unable to stop process '+$_. …
     |                ~~~~~~~~~~~~~~~~~~~~~~~~~~~~~~~~~~~~~~~~~~~~~~~~~~~~~~~~~
     | Cannot convert value ")" to type "System.Int32". Error: "The input string ')' was not in a correct format."

[20230918 16:48:45][Get-TCPCloseWaitConnections.ps1][TCSGROUP\LD06974][INFO] Kill process #
PS>TerminatingError(Stop-Process): "Cannot bind argument to parameter 'Id' because it is null."

InvalidArgument: Y:\03_DEV\06_GITHUB\tcs-1\admin\Get-TCPCloseWaitConnections.ps1:132:17
Line |
 132 |  …             Log -Level 'ERROR' -Message('Unable to stop process '+$_. …
     |                ~~~~~~~~~~~~~~~~~~~~~~~~~~~~~~~~~~~~~~~~~~~~~~~~~~~~~~~~~
     | Cannot convert value ")" to type "System.Int32". Error: "The input string ')' was not in a correct format."

InvalidArgument: Y:\03_DEV\06_GITHUB\tcs-1\admin\Get-TCPCloseWaitConnections.ps1:132:17
Line |
 132 |  …             Log -Level 'ERROR' -Message('Unable to stop process '+$_. …
     |                ~~~~~~~~~~~~~~~~~~~~~~~~~~~~~~~~~~~~~~~~~~~~~~~~~~~~~~~~~
     | Cannot convert value ")" to type "System.Int32". Error: "The input string ')' was not in a correct format."

[20230918 16:48:45][Get-TCPCloseWaitConnections.ps1][TCSGROUP\LD06974][INFO] Kill process #
PS>TerminatingError(Stop-Process): "Cannot bind argument to parameter 'Id' because it is null."

InvalidArgument: Y:\03_DEV\06_GITHUB\tcs-1\admin\Get-TCPCloseWaitConnections.ps1:132:17
Line |
 132 |  …             Log -Level 'ERROR' -Message('Unable to stop process '+$_. …
     |                ~~~~~~~~~~~~~~~~~~~~~~~~~~~~~~~~~~~~~~~~~~~~~~~~~~~~~~~~~
     | Cannot convert value ")" to type "System.Int32". Error: "The input string ')' was not in a correct format."

InvalidArgument: Y:\03_DEV\06_GITHUB\tcs-1\admin\Get-TCPCloseWaitConnections.ps1:132:17
Line |
 132 |  …             Log -Level 'ERROR' -Message('Unable to stop process '+$_. …
     |                ~~~~~~~~~~~~~~~~~~~~~~~~~~~~~~~~~~~~~~~~~~~~~~~~~~~~~~~~~
     | Cannot convert value ")" to type "System.Int32". Error: "The input string ')' was not in a correct format."

[20230918 16:48:45][Get-TCPCloseWaitConnections.ps1][TCSGROUP\LD06974][INFO] Kill process #
PS>TerminatingError(Stop-Process): "Cannot bind argument to parameter 'Id' because it is null."

InvalidArgument: Y:\03_DEV\06_GITHUB\tcs-1\admin\Get-TCPCloseWaitConnections.ps1:132:17
Line |
 132 |  …             Log -Level 'ERROR' -Message('Unable to stop process '+$_. …
     |                ~~~~~~~~~~~~~~~~~~~~~~~~~~~~~~~~~~~~~~~~~~~~~~~~~~~~~~~~~
     | Cannot convert value ")" to type "System.Int32". Error: "The input string ')' was not in a correct format."

InvalidArgument: Y:\03_DEV\06_GITHUB\tcs-1\admin\Get-TCPCloseWaitConnections.ps1:132:17
Line |
 132 |  …             Log -Level 'ERROR' -Message('Unable to stop process '+$_. …
     |                ~~~~~~~~~~~~~~~~~~~~~~~~~~~~~~~~~~~~~~~~~~~~~~~~~~~~~~~~~
     | Cannot convert value ")" to type "System.Int32". Error: "The input string ')' was not in a correct format."

[20230918 16:48:46][Get-TCPCloseWaitConnections.ps1][TCSGROUP\LD06974][INFO] Number of connections on current server is below limits defined (max. 50 - Count : 13)
[20230918 16:48:46][Get-TCPCloseWaitConnections.ps1][TCSGROUP\LD06974][DEBUG] @{LocalAddress=172.30.111.117; LocalPort=61103; RemoteAddress=51.105.71.136; RemotePort=443; State=TimeWait}
[20230918 16:48:46][Get-TCPCloseWaitConnections.ps1][TCSGROUP\LD06974][DEBUG] @{LocalAddress=172.30.111.117; LocalPort=61087; RemoteAddress=20.190.177.83; RemotePort=443; State=TimeWait}
[20230918 16:48:46][Get-TCPCloseWaitConnections.ps1][TCSGROUP\LD06974][DEBUG] @{LocalAddress=172.30.111.117; LocalPort=61083; RemoteAddress=34.192.241.119; RemotePort=443; State=CloseWait}
[20230918 16:48:46][Get-TCPCloseWaitConnections.ps1][TCSGROUP\LD06974][DEBUG] @{LocalAddress=172.30.111.117; LocalPort=61064; RemoteAddress=20.60.88.100; RemotePort=443; State=TimeWait}
[20230918 16:48:46][Get-TCPCloseWaitConnections.ps1][TCSGROUP\LD06974][DEBUG] @{LocalAddress=172.30.111.117; LocalPort=61038; RemoteAddress=172.30.127.220; RemotePort=5985; State=TimeWait}
[20230918 16:48:46][Get-TCPCloseWaitConnections.ps1][TCSGROUP\LD06974][DEBUG] @{LocalAddress=172.30.111.117; LocalPort=60896; RemoteAddress=4.150.240.254; RemotePort=443; State=CloseWait}
[20230918 16:48:46][Get-TCPCloseWaitConnections.ps1][TCSGROUP\LD06974][DEBUG] @{LocalAddress=172.30.111.117; LocalPort=60895; RemoteAddress=144.2.15.25; RemotePort=443; State=CloseWait}
[20230918 16:48:46][Get-TCPCloseWaitConnections.ps1][TCSGROUP\LD06974][DEBUG] @{LocalAddress=172.30.111.117; LocalPort=60871; RemoteAddress=13.107.234.254; RemotePort=443; State=CloseWait}
[20230918 16:48:46][Get-TCPCloseWaitConnections.ps1][TCSGROUP\LD06974][DEBUG] @{LocalAddress=172.30.111.117; LocalPort=60869; RemoteAddress=152.199.19.161; RemotePort=443; State=CloseWait}
[20230918 16:48:46][Get-TCPCloseWaitConnections.ps1][TCSGROUP\LD06974][DEBUG] @{LocalAddress=172.30.111.117; LocalPort=60860; RemoteAddress=204.79.197.222; RemotePort=443; State=CloseWait}
[20230918 16:48:46][Get-TCPCloseWaitConnections.ps1][TCSGROUP\LD06974][DEBUG] @{LocalAddress=172.30.111.117; LocalPort=60859; RemoteAddress=13.107.246.254; RemotePort=443; State=CloseWait}
[20230918 16:48:46][Get-TCPCloseWaitConnections.ps1][TCSGROUP\LD06974][DEBUG] @{LocalAddress=172.30.111.117; LocalPort=60858; RemoteAddress=13.107.219.254; RemotePort=443; State=CloseWait}
[20230918 16:48:46][Get-TCPCloseWaitConnections.ps1][TCSGROUP\LD06974][DEBUG] @{LocalAddress=172.30.111.117; LocalPort=60844; RemoteAddress=23.0.174.96; RemotePort=443; State=CloseWait}
[20230918 16:48:46][Get-TCPCloseWaitConnections.ps1][TCSGROUP\LD06974][INFO] ------------------------------------------------------------------------------------------------------------------------------------
**********************
PowerShell transcript end
End time: 20230918164846
**********************
