**********************
PowerShell transcript start
Start time: 20230217141712
Username: TCSGROUP\LD06974
RunAs User: TCSGROUP\LD06974
Configuration Name: 
Machine: Y0001194 (Microsoft Windows NT 10.0.19045.0)
Host Application: C:\Program Files\PowerShell\7\pwsh.dll -NoProfile -ExecutionPolicy Bypass -Command Import-Module 'c:\Users\LD06974\.vscode\extensions\ms-vscode.powershell-2023.1.0\modules\PowerShellEditorServices\PowerShellEditorServices.psd1'; Start-EditorServices -HostName 'Visual Studio Code Host' -HostProfileId 'Microsoft.VSCode' -HostVersion '2023.1.0' -AdditionalModules @('PowerShellEditorServices.VSCode') -BundledModulesPath 'c:\Users\LD06974\.vscode\extensions\ms-vscode.powershell-2023.1.0\modules' -EnableConsoleRepl -StartupBanner "PowerShell Extension v2023.1.0
Copyright (c) Microsoft Corporation.

https://aka.ms/vscode-powershell
Type 'help' to get help.
" -LogLevel 'Normal' -LogPath 'c:\Users\LD06974\AppData\Roaming\Code\User\globalStorage\ms-vscode.powershell\logs\1676638915-057e717e-fa16-4775-a71a-8fef39362b431676638913645\EditorServices.log' -SessionDetailsPath 'c:\Users\LD06974\AppData\Roaming\Code\User\globalStorage\ms-vscode.powershell\sessions\PSES-VSCode-10952-513218.json' -FeatureFlags @() 
Process ID: 6252
PSVersion: 7.3.0
PSEdition: Core
GitCommitId: 7.3.0
OS: Microsoft Windows 10.0.19045
Platform: Win32NT
PSCompatibleVersions: 1.0, 2.0, 3.0, 4.0, 5.0, 5.1.10032.0, 6.0.0, 6.1.0, 6.2.0, 7.0.0, 7.1.0, 7.2.0, 7.3.0
PSRemotingProtocolVersion: 2.3
SerializationVersion: 1.1.0.1
WSManStackVersion: 3.0
**********************
[20230217 14:17:12][Get-TransactionLogs.ps1][TCSGROUP\LD06974][INFO] ------------------------------------------------------------------------------------------------------------------------------------
[20230217 14:17:12][Get-TransactionLogs.ps1][TCSGROUP\LD06974][INFO] Get-TransactionLogs.ps1 v0.1
[20230217 14:17:12][Get-TransactionLogs.ps1][TCSGROUP\LD06974][INFO] ------------------------------------------------------------------------------------------------------------------------------------
[20230217 14:17:13][Get-TransactionLogs.ps1][TCSGROUP\LD06974][INFO] Executing exctract SQL query....
PS>TerminatingError(Set-Content): "Cannot bind argument to parameter 'Path' because it is null."

Set-Content: Y:\03_DEV\06_GITHUB\tcs-1\Projects\ONBASE_ExtractTransLog\Get-TransactionLogs.ps1:218:51
Line |
 218 |  … ponse | ConvertTo-Csv | Set-Content -path $conf.conf.outputFileName |
     |                                              ~~~~~~~~~~~~~~~~~~~~~~~~~
     | Cannot bind argument to parameter 'Path' because it is null.

Set-Content: Y:\03_DEV\06_GITHUB\tcs-1\Projects\ONBASE_ExtractTransLog\Get-TransactionLogs.ps1:218:51
Line |
 218 |  … ponse | ConvertTo-Csv | Set-Content -path $conf.conf.outputFileName |
     |                                              ~~~~~~~~~~~~~~~~~~~~~~~~~
     | Cannot bind argument to parameter 'Path' because it is null.

[20230217 14:17:14][Get-TransactionLogs.ps1][TCSGROUP\LD06974][INFO] Output file               : Y:\03_DEV\06_GITHUB\tcs-1\Projects\ONBASE_ExtractTransLog\data\20230217_transactionLog.csv
[20230217 14:17:14][Get-TransactionLogs.ps1][TCSGROUP\LD06974][INFO] ------------------------------------------------------------------------------------------------------------------------------------
**********************
PowerShell transcript end
End time: 20230217141714
**********************
