**********************
PowerShell transcript start
Start time: 20230223230017
Username: TCSGROUP\LD06974
RunAs User: TCSGROUP\LD06974
Configuration Name: 
Machine: Y0001194 (Microsoft Windows NT 10.0.19045.0)
Host Application: C:\Program Files\PowerShell\7\pwsh.dll -NoProfile -ExecutionPolicy Bypass -Command Import-Module 'c:\Users\LD06974\.vscode\extensions\ms-vscode.powershell-2023.1.0\modules\PowerShellEditorServices\PowerShellEditorServices.psd1'; Start-EditorServices -HostName 'Visual Studio Code Host' -HostProfileId 'Microsoft.VSCode' -HostVersion '2023.1.0' -AdditionalModules @('PowerShellEditorServices.VSCode') -BundledModulesPath 'c:\Users\LD06974\.vscode\extensions\ms-vscode.powershell-2023.1.0\modules' -EnableConsoleRepl -StartupBanner "PowerShell Extension v2023.1.0
Copyright (c) Microsoft Corporation.

https://aka.ms/vscode-powershell
Type 'help' to get help.
" -LogLevel 'Normal' -LogPath 'c:\Users\LD06974\AppData\Roaming\Code\User\globalStorage\ms-vscode.powershell\logs\1677186599-30c04214-b914-41d6-82bb-8ff4faa2b1dc1677186545851\EditorServices.log' -SessionDetailsPath 'c:\Users\LD06974\AppData\Roaming\Code\User\globalStorage\ms-vscode.powershell\sessions\PSES-VSCode-14516-129770.json' -FeatureFlags @() 
Process ID: 10668
PSVersion: 7.3.0
PSEdition: Core
GitCommitId: 7.3.0
OS: Microsoft Windows 10.0.19045
Platform: Win32NT
PSCompatibleVersions: 1.0, 2.0, 3.0, 4.0, 5.0, 5.1.10032.0, 6.0.0, 6.1.0, 6.2.0, 7.0.0, 7.1.0, 7.2.0, 7.3.0
PSRemotingProtocolVersion: 2.3
SerializationVersion: 1.1.0.1
WSManStackVersion: 3.0
**********************
[20230223 23:00:17][Get-TransactionLogs.ps1][TCSGROUP\LD06974][INFO] ------------------------------------------------------------------------------------------------------------------------------------
[20230223 23:00:18][Get-TransactionLogs.ps1][TCSGROUP\LD06974][INFO] Get-TransactionLogs.ps1 v0.1
[20230223 23:00:18][Get-TransactionLogs.ps1][TCSGROUP\LD06974][INFO] ------------------------------------------------------------------------------------------------------------------------------------
[20230223 23:00:18][Get-TransactionLogs.ps1][TCSGROUP\LD06974][INFO] Executing exctract SQL query....
[20230223 23:00:19][Get-TransactionLogs.ps1][TCSGROUP\LD06974][DEBUG] Query : SELECT *  FROM [ONBASE_DEV].[hsi].[transactionxlog] WHERE [ONBASE_DEV].[hsi].[transactionxlog].logdate >= '2023-23-02' AND [ONBASE_DEV].[hsi].[transactionxlog].logdate < '20230224';
[20230223 23:00:20][Get-TransactionLogs.ps1][TCSGROUP\LD06974][INFO] Total record(s) extracted : 19 item(s)
[20230223 23:00:20][Get-TransactionLogs.ps1][TCSGROUP\LD06974][INFO] Output file               : Y:\03_DEV\06_GITHUB\tcs-1\Projects\ONBASE_ExtractTransLog\data\20230223_transactionLog.csv
[20230223 23:00:20][Get-TransactionLogs.ps1][TCSGROUP\LD06974][INFO] ------------------------------------------------------------------------------------------------------------------------------------
**********************
PowerShell transcript end
End time: 20230223230020
**********************
