**********************
PowerShell transcript start
Start time: 20230315121045
Username: TCSGROUP\LD06974
RunAs User: TCSGROUP\LD06974
Configuration Name: 
Machine: Y0001194 (Microsoft Windows NT 10.0.19045.0)
Host Application: C:\Program Files\PowerShell\7\pwsh.dll -NoProfile -ExecutionPolicy Bypass -Command Import-Module 'c:\Users\LD06974\.vscode\extensions\ms-vscode.powershell-2023.2.1\modules\PowerShellEditorServices\PowerShellEditorServices.psd1'; Start-EditorServices -HostName 'Visual Studio Code Host' -HostProfileId 'Microsoft.VSCode' -HostVersion '2023.2.1' -AdditionalModules @('PowerShellEditorServices.VSCode') -BundledModulesPath 'c:\Users\LD06974\.vscode\extensions\ms-vscode.powershell-2023.2.1\modules' -EnableConsoleRepl -StartupBanner "PowerShell Extension v2023.2.1
Copyright (c) Microsoft Corporation.

https://aka.ms/vscode-powershell
Type 'help' to get help.
" -LogLevel 'Normal' -LogPath 'c:\Users\LD06974\AppData\Roaming\Code\User\globalStorage\ms-vscode.powershell\logs\1678874825-ac546801-7ecb-40ef-a8c2-dd1f6d93310c1678874819267\EditorServices.log' -SessionDetailsPath 'c:\Users\LD06974\AppData\Roaming\Code\User\globalStorage\ms-vscode.powershell\sessions\PSES-VSCode-19672-496823.json' -FeatureFlags @() 
Process ID: 20788
PSVersion: 7.3.0
PSEdition: Core
GitCommitId: 7.3.0
OS: Microsoft Windows 10.0.19045
Platform: Win32NT
PSCompatibleVersions: 1.0, 2.0, 3.0, 4.0, 5.0, 5.1.10032.0, 6.0.0, 6.1.0, 6.2.0, 7.0.0, 7.1.0, 7.2.0, 7.3.0
PSRemotingProtocolVersion: 2.3
SerializationVersion: 1.1.0.1
WSManStackVersion: 3.0
**********************
[20230315 12:10:46][check-IDITPayments.ps1][TCSGROUP\LD06974][INFO] ----------------------------------------------------------------------------------------------------------------
[20230315 12:10:46][check-IDITPayments.ps1][TCSGROUP\LD06974][INFO] check-IDITPayments.ps1 v0.1
[20230315 12:10:46][check-IDITPayments.ps1][TCSGROUP\LD06974][INFO] ----------------------------------------------------------------------------------------------------------------
[20230315 12:10:46][check-IDITPayments.ps1][TCSGROUP\LD06974][DEBUG] Clean temporary directory....
[20230315 12:10:47][check-IDITPayments.ps1][TCSGROUP\LD06974][DEBUG] Build source CAMT files list from \\fs_GroupsData_ge3\Groups_Data$\BackOffice\OM-Traitement BVR\01_BVR A Conserver\Originaux...
[20230315 12:11:23][check-IDITPayments.ps1][TCSGROUP\LD06974][DEBUG] Count records from source XML...
[20230315 12:11:34][check-IDITPayments.ps1][TCSGROUP\LD06974][DEBUG] Copy CAMT to work directory...
[20230315 12:12:41][check-IDITPayments.ps1][TCSGROUP\LD06974][INFO] CAMT files statistics
[20230315 12:12:42][check-IDITPayments.ps1][TCSGROUP\LD06974][INFO] ................................................................................................................
[20230315 12:12:42][check-IDITPayments.ps1][TCSGROUP\LD06974][INFO] Found for 1111183850            : 51 record(s)
[20230315 12:12:42][check-IDITPayments.ps1][TCSGROUP\LD06974][INFO] Found for 1111188138            : 31 record(s)
[20230315 12:12:42][check-IDITPayments.ps1][TCSGROUP\LD06974][INFO] Found for 1111203185            : 1937 record(s)
[20230315 12:12:42][check-IDITPayments.ps1][TCSGROUP\LD06974][INFO] Found for 1111205916            : 363 record(s)
[20230315 12:12:42][check-IDITPayments.ps1][TCSGROUP\LD06974][INFO] Found for 1115788820            : 824 record(s)
[20230315 12:12:42][check-IDITPayments.ps1][TCSGROUP\LD06974][INFO] ................................................................................................................
[20230315 12:12:42][check-IDITPayments.ps1][TCSGROUP\LD06974][INFO] Total XML files found for today : 17 file(s)
[20230315 12:12:42][check-IDITPayments.ps1][TCSGROUP\LD06974][INFO] Total records found   for today : 3206 record(s)
[20230315 12:12:42][check-IDITPayments.ps1][TCSGROUP\LD06974][INFO] ................................................................................................................
[20230315 12:12:42][check-IDITPayments.ps1][TCSGROUP\LD06974][INFO] Query IDIT DB
[20230315 12:12:42][check-IDITPayments.ps1][TCSGROUP\LD06974][INFO] ................................................................................................................
[20230315 12:12:43][check-IDITPayments.ps1][TCSGROUP\LD06974][INFO] Build query for file camt.054_P_CH2509000000120066587_1111188138_0_2023030623472680.xml.treated
[20230315 12:12:45][check-IDITPayments.ps1][TCSGROUP\LD06974][INFO] Found : 2 record(s)
[20230315 12:12:46][check-IDITPayments.ps1][TCSGROUP\LD06974][INFO] Build query for file camt.054_P_CH2509000000120066587_1111188138_0_2023030723461429.xml.treated
[20230315 12:12:47][check-IDITPayments.ps1][TCSGROUP\LD06974][INFO] Found : 8 record(s)
[20230315 12:12:49][check-IDITPayments.ps1][TCSGROUP\LD06974][INFO] Build query for file camt.054_P_CH2509000000120066587_1111188138_0_2023030823402738.xml.treated
[20230315 12:12:50][check-IDITPayments.ps1][TCSGROUP\LD06974][INFO] Found : 2 record(s)
[20230315 12:12:51][check-IDITPayments.ps1][TCSGROUP\LD06974][INFO] Build query for file camt.054_P_CH2509000000120066587_1111188138_0_2023030923422022.xml.treated
[20230315 12:12:53][check-IDITPayments.ps1][TCSGROUP\LD06974][INFO] Found : 3 record(s)
[20230315 12:12:54][check-IDITPayments.ps1][TCSGROUP\LD06974][INFO] Build query for file camt.054_P_CH2509000000120066587_1111188138_0_2023031023411844.xml.treated
[20230315 12:12:55][check-IDITPayments.ps1][TCSGROUP\LD06974][INFO] Found : 5 record(s)
[20230315 12:12:57][check-IDITPayments.ps1][TCSGROUP\LD06974][INFO] Build query for file camt.054_P_CH2509000000120066587_1111188138_0_2023031323402215.xml.treated
[20230315 12:12:58][check-IDITPayments.ps1][TCSGROUP\LD06974][INFO] Found : 2 record(s)
[20230315 12:12:59][check-IDITPayments.ps1][TCSGROUP\LD06974][INFO] Build query for file camt.054_P_CH2509000000120066587_1111188138_0_2023031423391100.xml.treated
[20230315 12:13:00][check-IDITPayments.ps1][TCSGROUP\LD06974][INFO] Found : 3 record(s)
[20230315 12:13:02][check-IDITPayments.ps1][TCSGROUP\LD06974][INFO] Build query for file camt.054_P_CH2509000000120066587_1115788820_0_2023031423521083.xml.treated
[20230315 12:13:03][check-IDITPayments.ps1][TCSGROUP\LD06974][INFO] Found : 823 record(s)
[20230315 12:13:04][check-IDITPayments.ps1][TCSGROUP\LD06974][INFO] Build query for file camt.054_P_CH4009000000120011900_1111183850_0_2023031423382716.xml.treated
[20230315 12:13:06][check-IDITPayments.ps1][TCSGROUP\LD06974][INFO] Found : 51 record(s)
[20230315 12:13:07][check-IDITPayments.ps1][TCSGROUP\LD06974][INFO] Build query for file camt.054_P_CH8609000000120024167_1111203185_0_2023031423422796.xml.treated
[20230315 12:13:08][check-IDITPayments.ps1][TCSGROUP\LD06974][INFO] Found : 1937 record(s)
[20230315 12:13:10][check-IDITPayments.ps1][TCSGROUP\LD06974][INFO] Build query for file camt.054_P_CH8609000000120024167_1111205916_0_2023030623391078.xml.treated
[20230315 12:13:11][check-IDITPayments.ps1][TCSGROUP\LD06974][INFO] Found : 81 record(s)
[20230315 12:13:12][check-IDITPayments.ps1][TCSGROUP\LD06974][INFO] Build query for file camt.054_P_CH8609000000120024167_1111205916_0_2023030723392830.xml.treated
[20230315 12:13:14][check-IDITPayments.ps1][TCSGROUP\LD06974][INFO] Found : 64 record(s)
[20230315 12:13:15][check-IDITPayments.ps1][TCSGROUP\LD06974][INFO] Build query for file camt.054_P_CH8609000000120024167_1111205916_0_2023030823401753.xml.treated
[20230315 12:13:16][check-IDITPayments.ps1][TCSGROUP\LD06974][INFO] Found : 42 record(s)
[20230315 12:13:18][check-IDITPayments.ps1][TCSGROUP\LD06974][INFO] Build query for file camt.054_P_CH8609000000120024167_1111205916_0_2023030923411804.xml.treated
[20230315 12:13:19][check-IDITPayments.ps1][TCSGROUP\LD06974][INFO] Found : 42 record(s)
[20230315 12:13:20][check-IDITPayments.ps1][TCSGROUP\LD06974][INFO] Build query for file camt.054_P_CH8609000000120024167_1111205916_0_2023031023432333.xml.treated
[20230315 12:13:22][check-IDITPayments.ps1][TCSGROUP\LD06974][INFO] Found : 54 record(s)
[20230315 12:13:23][check-IDITPayments.ps1][TCSGROUP\LD06974][INFO] Build query for file camt.054_P_CH8609000000120024167_1111205916_0_2023031323412422.xml.treated
[20230315 12:13:24][check-IDITPayments.ps1][TCSGROUP\LD06974][INFO] Found : 54 record(s)
[20230315 12:13:26][check-IDITPayments.ps1][TCSGROUP\LD06974][INFO] Build query for file camt.054_P_CH8609000000120024167_1111205916_0_2023031423391968.xml.treated
[20230315 12:13:27][check-IDITPayments.ps1][TCSGROUP\LD06974][INFO] Found : 23 record(s)
[20230315 12:13:29][check-IDITPayments.ps1][TCSGROUP\LD06974][INFO] ................................................................................................................
[20230315 12:13:29][check-IDITPayments.ps1][TCSGROUP\LD06974][INFO] Total records found from DB      : 3196 record(s)
[20230315 12:13:29][check-IDITPayments.ps1][TCSGROUP\LD06974][INFO] ................................................................................................................
[20230315 12:13:29][check-IDITPayments.ps1][TCSGROUP\LD06974][INFO] Payments control KO !
[20230315 12:13:29][check-IDITPayments.ps1][TCSGROUP\LD06974][INFO] ----------------------------------------------------------------------------------------------------------------
PS>CommandInvocation(Out-Null): "Out-Null"
PS>CommandInvocation(Out-Null): "Out-Null"
[20230315 12:13:29][check-IDITPayments.ps1][TCSGROUP\LD06974][INFO] ----------------------------------------------------------------------------------------------------------------
[20230315 12:13:29][check-IDITPayments.ps1][TCSGROUP\LD06974][WARNING] Payments control KO !
[20230315 12:13:29][check-IDITPayments.ps1][TCSGROUP\LD06974][WARNING] Reference mismatch. Please correct
[20230315 12:13:29][check-IDITPayments.ps1][TCSGROUP\LD06974][INFO] ................................................................................................................
[20230315 12:13:29][check-IDITPayments.ps1][TCSGROUP\LD06974][DEBUG] Clean temporary directory....
**********************
PowerShell transcript end
End time: 20230315121335
**********************
