**********************
PowerShell transcript start
Start time: 20230210103307
Username: TCSGROUP\LD06974
RunAs User: TCSGROUP\LD06974
Configuration Name: 
Machine: Y0001194 (Microsoft Windows NT 10.0.19045.0)
Host Application: C:\Program Files\PowerShell\7\pwsh.dll -NoProfile -ExecutionPolicy Bypass -Command Import-Module 'c:\Users\LD06974\.vscode\extensions\ms-vscode.powershell-2023.1.0\modules\PowerShellEditorServices\PowerShellEditorServices.psd1'; Start-EditorServices -HostName 'Visual Studio Code Host' -HostProfileId 'Microsoft.VSCode' -HostVersion '2023.1.0' -AdditionalModules @('PowerShellEditorServices.VSCode') -BundledModulesPath 'c:\Users\LD06974\.vscode\extensions\ms-vscode.powershell-2023.1.0\modules' -EnableConsoleRepl -StartupBanner "PowerShell Extension v2023.1.0
Copyright (c) Microsoft Corporation.

https://aka.ms/vscode-powershell
Type 'help' to get help.
" -LogLevel 'Normal' -LogPath 'c:\Users\LD06974\AppData\Roaming\Code\User\globalStorage\ms-vscode.powershell\logs\1676017244-8c4c4d80-a097-4fdf-bac8-cf7e414627181676017241039\EditorServices.log' -SessionDetailsPath 'c:\Users\LD06974\AppData\Roaming\Code\User\globalStorage\ms-vscode.powershell\sessions\PSES-VSCode-9420-474975.json' -FeatureFlags @() 
Process ID: 26464
PSVersion: 7.3.0
PSEdition: Core
GitCommitId: 7.3.0
OS: Microsoft Windows 10.0.19045
Platform: Win32NT
PSCompatibleVersions: 1.0, 2.0, 3.0, 4.0, 5.0, 5.1.10032.0, 6.0.0, 6.1.0, 6.2.0, 7.0.0, 7.1.0, 7.2.0, 7.3.0
PSRemotingProtocolVersion: 2.3
SerializationVersion: 1.1.0.1
WSManStackVersion: 3.0
**********************
[20230210 10:33:07][Send-WeeklyReportAVPay.ps1][TCSGROUP\LD06974][INFO] ------------------------------------------------------------------------------------------------------------------------------------
[20230210 10:33:07][Send-WeeklyReportAVPay.ps1][TCSGROUP\LD06974][INFO] Send-WeeklyReportAVPay.ps1 v0.1
[20230210 10:33:08][Send-WeeklyReportAVPay.ps1][TCSGROUP\LD06974][INFO] ------------------------------------------------------------------------------------------------------------------------------------
[20230210 10:33:08][Send-WeeklyReportAVPay.ps1][TCSGROUP\LD06974][DEBUG] CSV Output file is  : Y:\03_DEV\06_GITHUB\tcs-1\Projects\SAP_AvancePay\data\transactions_saferpay_202306.csv
[20230210 10:33:08][Send-WeeklyReportAVPay.ps1][TCSGROUP\LD06974][DEBUG] Send email to mail list
[20230210 10:33:08][Send-WeeklyReportAVPay.ps1][TCSGROUP\LD06974][DEBUG] Subject : Avance Pay weekly report
[20230210 10:33:08][Send-WeeklyReportAVPay.ps1][TCSGROUP\LD06974][DEBUG] Attachment : Y:\03_DEV\06_GITHUB\tcs-1\Projects\SAP_AvancePay\data\transactions_saferpay_202306.csv
WARNING: The command 'Send-MailMessage' is obsolete. This cmdlet does not guarantee secure connections to SMTP servers. While there is no immediate replacement available in PowerShell, we recommend you do not use Send-MailMessage at this time. See https://aka.ms/SendMailMessage for more information.
[20230210 10:33:08][Send-WeeklyReportAVPay.ps1][TCSGROUP\LD06974][INFO] Report sent to distribution list...
[20230210 10:33:08][Send-WeeklyReportAVPay.ps1][TCSGROUP\LD06974][INFO] ------------------------------------------------------------------------------------------------------------------------------------
**********************
PowerShell transcript end
End time: 20230210103308
**********************
